Using pre-set license
Built from '2020.3/staging' branch; Version is '2020.3.16f1 (049d6eca3c44) revision 302446'; Using compiler version '192528614'; Build Type 'Release'
OS: 'Windows 10 Enterprise; OS build 17134.2145; Version 1803; 64bit' Language: 'en' Physical Memory: 32669 MB
BatchMode: 1, IsHumanControllingUs: 0, StartBugReporterOnCrash: 0, Is64bit: 1, IsPro: 0

 COMMAND LINE ARGUMENTS:
D:\Program Files\Unity\2020.3.16f1\Editor\Unity.exe
-adb2
-batchMode
-noUpm
-name
AssetImportWorker0
-projectPath
D:/Students/FATIH OKAN/GitHub/ShooterGameSample/ShooterGame
-logFile
Logs/AssetImportWorker0.log
-srvPort
57032
Successfully changed project path to: D:/Students/FATIH OKAN/GitHub/ShooterGameSample/ShooterGame
D:/Students/FATIH OKAN/GitHub/ShooterGameSample/ShooterGame
Using Asset Import Pipeline V2.
Refreshing native plugins compatible for Editor in 70.17 ms, found 2 plugins.
Preloading 0 native plugins for Editor in 0.00 ms.
Initialize engine version: 2020.3.16f1 (049d6eca3c44)
[Subsystems] Discovering subsystems at path D:/Program Files/Unity/2020.3.16f1/Editor/Data/Resources/UnitySubsystems
[Subsystems] Discovering subsystems at path D:/Students/FATIH OKAN/GitHub/ShooterGameSample/ShooterGame/Assets
GfxDevice: creating device client; threaded=0
Direct3D:
    Version:  Direct3D 11.0 [level 11.1]
    Renderer: NVIDIA GeForce GTX 1080 (ID=0x1b80)
    Vendor:   
    VRAM:     8079 MB
    Driver:   30.0.14.7168
Initialize mono
Mono path[0] = 'D:/Program Files/Unity/2020.3.16f1/Editor/Data/Managed'
Mono path[1] = 'D:/Program Files/Unity/2020.3.16f1/Editor/Data/MonoBleedingEdge/lib/mono/unityjit'
Mono config path = 'D:/Program Files/Unity/2020.3.16f1/Editor/Data/MonoBleedingEdge/etc'
Using monoOptions --debugger-agent=transport=dt_socket,embedding=1,server=y,suspend=n,address=127.0.0.1:56120
Begin MonoManager ReloadAssembly
Registering precompiled unity dll's ...
Register platform support module: D:/Program Files/Unity/2020.3.16f1/Editor/Data/PlaybackEngines/WebGLSupport/UnityEditor.WebGL.Extensions.dll
Register platform support module: D:/Program Files/Unity/2020.3.16f1/Editor/Data/PlaybackEngines/WindowsStandaloneSupport/UnityEditor.WindowsStandalone.Extensions.dll
Registered in 0.003052 seconds.
Native extension for WindowsStandalone target not found
Native extension for WebGL target not found
Refreshing native plugins compatible for Editor in 24.08 ms, found 2 plugins.
Preloading 0 native plugins for Editor in 0.00 ms.
Mono: successfully reloaded assembly
- Completed reload, in  0.989 seconds
Domain Reload Profiling:
	ReloadAssembly (989ms)
		BeginReloadAssembly (79ms)
			ExecutionOrderSort (0ms)
			DisableScriptedObjects (0ms)
			BackupInstance (0ms)
			ReleaseScriptingObjects (0ms)
			CreateAndSetChildDomain (1ms)
		EndReloadAssembly (389ms)
			LoadAssemblies (85ms)
			RebuildTransferFunctionScriptingTraits (0ms)
			SetupTypeCache (144ms)
			ReleaseScriptCaches (0ms)
			RebuildScriptCaches (28ms)
			SetupLoadedEditorAssemblies (141ms)
				LogAssemblyErrors (0ms)
				InitializePlatformSupportModulesInManaged (4ms)
				SetLoadedEditorAssemblies (0ms)
				RefreshPlugins (24ms)
				BeforeProcessingInitializeOnLoad (15ms)
				ProcessInitializeOnLoadAttributes (69ms)
				ProcessInitializeOnLoadMethodAttributes (28ms)
				AfterProcessingInitializeOnLoad (0ms)
				EditorAssembliesLoaded (0ms)
			ExecutionOrderSort2 (0ms)
			AwakeInstancesAfterBackupRestoration (0ms)
Platform modules already initialized, skipping
Registering precompiled user dll's ...
Registered in 0.006742 seconds.
Begin MonoManager ReloadAssembly
Native extension for WindowsStandalone target not found
Native extension for WebGL target not found
Refreshing native plugins compatible for Editor in 0.32 ms, found 2 plugins.
Preloading 0 native plugins for Editor in 0.00 ms.
Mono: successfully reloaded assembly
- Completed reload, in  1.872 seconds
Domain Reload Profiling:
	ReloadAssembly (1877ms)
		BeginReloadAssembly (132ms)
			ExecutionOrderSort (0ms)
			DisableScriptedObjects (4ms)
			BackupInstance (0ms)
			ReleaseScriptingObjects (0ms)
			CreateAndSetChildDomain (16ms)
		EndReloadAssembly (1698ms)
			LoadAssemblies (990ms)
			RebuildTransferFunctionScriptingTraits (0ms)
			SetupTypeCache (235ms)
			ReleaseScriptCaches (0ms)
			RebuildScriptCaches (36ms)
			SetupLoadedEditorAssemblies (356ms)
				LogAssemblyErrors (0ms)
				InitializePlatformSupportModulesInManaged (5ms)
				SetLoadedEditorAssemblies (0ms)
				RefreshPlugins (0ms)
				BeforeProcessingInitializeOnLoad (61ms)
				ProcessInitializeOnLoadAttributes (284ms)
				ProcessInitializeOnLoadMethodAttributes (3ms)
				AfterProcessingInitializeOnLoad (2ms)
				EditorAssembliesLoaded (0ms)
			ExecutionOrderSort2 (0ms)
			AwakeInstancesAfterBackupRestoration (6ms)
Platform modules already initialized, skipping
========================================================================
Worker process is ready to serve import requests
Launched and connected shader compiler UnityShaderCompiler.exe after 0.04 seconds
Refreshing native plugins compatible for Editor in 0.32 ms, found 2 plugins.
Preloading 0 native plugins for Editor in 0.00 ms.
Unloading 1397 Unused Serialized files (Serialized files now loaded: 0)
System memory in use before: 64.8 MB.
System memory in use after: 64.9 MB.

Unloading 18 unused Assets to reduce memory usage. Loaded Objects now: 1830.
Total: 2.649314 ms (FindLiveObjects: 0.133404 ms CreateObjectMapping: 0.032427 ms MarkObjects: 2.410950 ms  DeleteObjects: 0.071680 ms)

AssetImportParameters requested are different than current active one (requested -> active):
  custom:framework-win-MediaFoundation: 216162199b28c13a410421893ffa2e32 -> 
  custom:video-decoder-ogg-theora: a1e56fd34408186e4bbccfd4996cb3dc -> 
  custom:container-muxer-webm: aa71ff27fc2769a1b78a27578f13a17b -> 
  custom:container-demuxer-webm: 4f35f7cbe854078d1ac9338744f61a02 -> 
  custom:container-demuxer-ogg: 62fdf1f143b41e24485cea50d1cbac27 -> 
  custom:video-encoder-webm-vp8: eb34c28f22e8b96e1ab97ce403110664 -> 
  custom:video-decoder-webm-vp8: 9c59270c3fd7afecdb556c50c9e8de78 -> 
  custom:audio-decoder-ogg-vorbis: bf7c407c2cedff20999df2af8eb42d56 -> 
  custom:audio-encoder-webm-vorbis: bf7c407c2cedff20999df2af8eb42d56 -> 
========================================================================
Received Import Request.
  path: Assets
  artifactKey: Guid(00000000000000001000000000000000) Importer(815301076,1909f56bfc062723c751e8b465ee728b)
Start importing Assets using Guid(00000000000000001000000000000000) Importer(815301076,1909f56bfc062723c751e8b465ee728b)  -> (artifact id: '42d402b061de3733987d63b9cc3b64de') in 0.008806 seconds 
  Import took 0.010763 seconds .

========================================================================
Received Import Request.
  Time since last request: 0.000283 seconds.
  path: Assets/Materials
  artifactKey: Guid(34da2176f64280146ab7d5a77f68dc64) Importer(815301076,1909f56bfc062723c751e8b465ee728b)
Start importing Assets/Materials using Guid(34da2176f64280146ab7d5a77f68dc64) Importer(815301076,1909f56bfc062723c751e8b465ee728b)  -> (artifact id: '6a09d8f374cc1cb12583e1643e91b42a') in 0.010920 seconds 
  Import took 0.013286 seconds .

========================================================================
Received Import Request.
  Time since last request: 2.314185 seconds.
  path: Assets/Scripts
  artifactKey: Guid(74d944835fd807040857d36f8f69d384) Importer(815301076,1909f56bfc062723c751e8b465ee728b)
Start importing Assets/Scripts using Guid(74d944835fd807040857d36f8f69d384) Importer(815301076,1909f56bfc062723c751e8b465ee728b)  -> (artifact id: '5982a6edb891db926efd8a5dc0a80c3c') in 0.008268 seconds 
  Import took 0.010539 seconds .

========================================================================
Received Import Request.
  Time since last request: 6.419798 seconds.
  path: Assets/Prefabs
  artifactKey: Guid(cd4234be2ec54144cba416c412f271df) Importer(815301076,1909f56bfc062723c751e8b465ee728b)
Start importing Assets/Prefabs using Guid(cd4234be2ec54144cba416c412f271df) Importer(815301076,1909f56bfc062723c751e8b465ee728b)  -> (artifact id: '823b1af38a1979125a4ecb4c611bcc10') in 0.008058 seconds 
  Import took 0.010291 seconds .

========================================================================
Received Import Request.
  Time since last request: 479.547760 seconds.
  path: Assets/Textures/bluecargoship.png
  artifactKey: Guid(3f465180a55a97543bd1c98dfa9794a8) Importer(815301076,1909f56bfc062723c751e8b465ee728b)
Start importing Assets/Textures/bluecargoship.png using Guid(3f465180a55a97543bd1c98dfa9794a8) Importer(815301076,1909f56bfc062723c751e8b465ee728b)  -> (artifact id: '6a60534a584b33221b42fd96efbbfdd9') in 0.127055 seconds 
  Import took 0.129754 seconds .

========================================================================
Received Import Request.
  Time since last request: 1.014608 seconds.
  path: Assets/Textures/Credits.txt
  artifactKey: Guid(c05dc39006af98249986546e20c039b7) Importer(815301076,1909f56bfc062723c751e8b465ee728b)
Start importing Assets/Textures/Credits.txt using Guid(c05dc39006af98249986546e20c039b7) Importer(815301076,1909f56bfc062723c751e8b465ee728b)  -> (artifact id: 'f1872f8bcd7fac6a46c0ecf18c0c23d7') in 0.014535 seconds 
  Import took 0.017523 seconds .

========================================================================
Received Import Request.
  Time since last request: 0.002899 seconds.
  path: Assets/Textures/Credits.txt
  artifactKey: Guid(c05dc39006af98249986546e20c039b7) Importer(815301076,1909f56bfc062723c751e8b465ee728b)
Start importing Assets/Textures/Credits.txt using Guid(c05dc39006af98249986546e20c039b7) Importer(815301076,1909f56bfc062723c751e8b465ee728b)  -> (artifact id: 'f1872f8bcd7fac6a46c0ecf18c0c23d7') in 0.002998 seconds 
  Import took 0.006561 seconds .

========================================================================
Received Import Request.
  Time since last request: 3.325014 seconds.
  path: Assets/Audio/track-1_0.mp3
  artifactKey: Guid(3c92a516518a2499fada37abb466d61a) Importer(815301076,1909f56bfc062723c751e8b465ee728b)
Start importing Assets/Audio/track-1_0.mp3 using Guid(3c92a516518a2499fada37abb466d61a) Importer(815301076,1909f56bfc062723c751e8b465ee728b)  -> (artifact id: 'e84143574d107a9c6943f2025b3241fe') in 0.090020 seconds 
  Import took 0.092099 seconds .

========================================================================
Received Import Request.
  Time since last request: 17.358255 seconds.
  path: Assets/Audio/track-1_0.mp3
  artifactKey: Guid(3c92a516518a2499fada37abb466d61a) Importer(815301076,1909f56bfc062723c751e8b465ee728b)
Start importing Assets/Audio/track-1_0.mp3 using Guid(3c92a516518a2499fada37abb466d61a) Importer(815301076,1909f56bfc062723c751e8b465ee728b)  -> (artifact id: '5631ef2331a0402f986959512ad46d6b') in 0.010664 seconds 
  Import took 0.012988 seconds .

========================================================================
Received Import Request.
  Time since last request: 0.001244 seconds.
  path: Assets/Audio/track-1_0.mp3
  artifactKey: Guid(3c92a516518a2499fada37abb466d61a) Importer(815301076,1909f56bfc062723c751e8b465ee728b)
Start importing Assets/Audio/track-1_0.mp3 using Guid(3c92a516518a2499fada37abb466d61a) Importer(815301076,1909f56bfc062723c751e8b465ee728b)  -> (artifact id: '5631ef2331a0402f986959512ad46d6b') in 0.010103 seconds 
  Import took 0.012834 seconds .

========================================================================
Received Import Request.
  Time since last request: 24.907897 seconds.
  path: Assets/Textures
  artifactKey: Guid(7ab80d62b69d0484db21db2dfe75b823) Importer(815301076,1909f56bfc062723c751e8b465ee728b)
Start importing Assets/Textures using Guid(7ab80d62b69d0484db21db2dfe75b823) Importer(815301076,1909f56bfc062723c751e8b465ee728b)  -> (artifact id: '41a2fe3bbd8935345e5e56aabd28aab5') in 0.007555 seconds 
  Import took 0.009695 seconds .

========================================================================
Received Import Request.
  Time since last request: 4.913181 seconds.
  path: Assets/Textures/-READ-LER ANTES-.txt
  artifactKey: Guid(a6e46e507b7ce1248bef4d7bc480e8c2) Importer(815301076,1909f56bfc062723c751e8b465ee728b)
Start importing Assets/Textures/-READ-LER ANTES-.txt using Guid(a6e46e507b7ce1248bef4d7bc480e8c2) Importer(815301076,1909f56bfc062723c751e8b465ee728b)  -> (artifact id: '9d4f7ff26adcc12e06da9b30bac07360') in 0.006382 seconds 
  Import took 0.008552 seconds .

========================================================================
Received Import Request.
  Time since last request: 11.768114 seconds.
  path: Assets/Textures/seamless space_0.PNG
  artifactKey: Guid(d27eed0f98e87504db625018b3390046) Importer(815301076,1909f56bfc062723c751e8b465ee728b)
Start importing Assets/Textures/seamless space_0.PNG using Guid(d27eed0f98e87504db625018b3390046) Importer(815301076,1909f56bfc062723c751e8b465ee728b)  -> (artifact id: '891c16aa6541396078af2ff1c8c4d94d') in 0.017316 seconds 
  Import took 0.019440 seconds .

========================================================================
Received Import Request.
  Time since last request: 0.644079 seconds.
  path: Assets/Textures/Spaceship-Drakir3.png
  artifactKey: Guid(bead58493f3c7a64a92ce1c4a51cc77a) Importer(815301076,1909f56bfc062723c751e8b465ee728b)
Start importing Assets/Textures/Spaceship-Drakir3.png using Guid(bead58493f3c7a64a92ce1c4a51cc77a) Importer(815301076,1909f56bfc062723c751e8b465ee728b)  -> (artifact id: 'a5fa7c68a0fdec5ffbce976b83a53568') in 0.014599 seconds 
  Import took 0.017250 seconds .

========================================================================
Received Import Request.
  Time since last request: 0.478486 seconds.
  path: Assets/Textures/Spaceship-Drakir7.png
  artifactKey: Guid(3ec01efcf150e9746a5f8b2ba6870dcf) Importer(815301076,1909f56bfc062723c751e8b465ee728b)
Start importing Assets/Textures/Spaceship-Drakir7.png using Guid(3ec01efcf150e9746a5f8b2ba6870dcf) Importer(815301076,1909f56bfc062723c751e8b465ee728b)  -> (artifact id: '353e4791abd66eb6d1b1ca0d191e8b2e') in 0.016186 seconds 
  Import took 0.018442 seconds .

========================================================================
Received Import Request.
  Time since last request: 664.930020 seconds.
  path: Assets/Scripts/PlayerController.cs
  artifactKey: Guid(a95d179a05ca8564aa9e3af407c6b811) Importer(815301076,1909f56bfc062723c751e8b465ee728b)
Start importing Assets/Scripts/PlayerController.cs using Guid(a95d179a05ca8564aa9e3af407c6b811) Importer(815301076,1909f56bfc062723c751e8b465ee728b)  -> (artifact id: '0e676cda06f409578eec80bd1afcc939') in 0.010677 seconds 
  Import took 0.013184 seconds .

========================================================================
Received Import Request.
  Time since last request: 0.041212 seconds.
  path: Assets/Scripts/PlayerController.cs
  artifactKey: Guid(a95d179a05ca8564aa9e3af407c6b811) Importer(815301076,1909f56bfc062723c751e8b465ee728b)
Start importing Assets/Scripts/PlayerController.cs using Guid(a95d179a05ca8564aa9e3af407c6b811) Importer(815301076,1909f56bfc062723c751e8b465ee728b)  -> (artifact id: '0e676cda06f409578eec80bd1afcc939') in 0.002485 seconds 
  Import took 0.006168 seconds .

========================================================================
Received Prepare
Registering precompiled user dll's ...
Registered in 0.004498 seconds.
Begin MonoManager ReloadAssembly
Native extension for WindowsStandalone target not found
Native extension for WebGL target not found
Refreshing native plugins compatible for Editor in 0.32 ms, found 2 plugins.
Preloading 0 native plugins for Editor in 0.00 ms.
Mono: successfully reloaded assembly
- Completed reload, in  1.011 seconds
Domain Reload Profiling:
	ReloadAssembly (1012ms)
		BeginReloadAssembly (98ms)
			ExecutionOrderSort (0ms)
			DisableScriptedObjects (4ms)
			BackupInstance (0ms)
			ReleaseScriptingObjects (0ms)
			CreateAndSetChildDomain (31ms)
		EndReloadAssembly (851ms)
			LoadAssemblies (83ms)
			RebuildTransferFunctionScriptingTraits (0ms)
			SetupTypeCache (277ms)
			ReleaseScriptCaches (1ms)
			RebuildScriptCaches (32ms)
			SetupLoadedEditorAssemblies (375ms)
				LogAssemblyErrors (0ms)
				InitializePlatformSupportModulesInManaged (5ms)
				SetLoadedEditorAssemblies (0ms)
				RefreshPlugins (0ms)
				BeforeProcessingInitializeOnLoad (64ms)
				ProcessInitializeOnLoadAttributes (298ms)
				ProcessInitializeOnLoadMethodAttributes (3ms)
				AfterProcessingInitializeOnLoad (3ms)
				EditorAssembliesLoaded (0ms)
			ExecutionOrderSort2 (0ms)
			AwakeInstancesAfterBackupRestoration (9ms)
Platform modules already initialized, skipping
Refreshing native plugins compatible for Editor in 0.47 ms, found 2 plugins.
Preloading 0 native plugins for Editor in 0.00 ms.
Unloading 1392 Unused Serialized files (Serialized files now loaded: 0)
System memory in use before: 67.8 MB.
System memory in use after: 67.9 MB.

Unloading 13 unused Assets to reduce memory usage. Loaded Objects now: 1850.
Total: 2.523021 ms (FindLiveObjects: 0.131698 ms CreateObjectMapping: 0.036124 ms MarkObjects: 2.335003 ms  DeleteObjects: 0.018773 ms)

AssetImportParameters requested are different than current active one (requested -> active):
  custom:framework-win-MediaFoundation: 216162199b28c13a410421893ffa2e32 -> 
  custom:video-decoder-ogg-theora: a1e56fd34408186e4bbccfd4996cb3dc -> 
  custom:container-muxer-webm: aa71ff27fc2769a1b78a27578f13a17b -> 
  custom:container-demuxer-webm: 4f35f7cbe854078d1ac9338744f61a02 -> 
  custom:container-demuxer-ogg: 62fdf1f143b41e24485cea50d1cbac27 -> 
  custom:video-encoder-webm-vp8: eb34c28f22e8b96e1ab97ce403110664 -> 
  custom:video-decoder-webm-vp8: 9c59270c3fd7afecdb556c50c9e8de78 -> 
  custom:audio-decoder-ogg-vorbis: bf7c407c2cedff20999df2af8eb42d56 -> 
  custom:audio-encoder-webm-vorbis: bf7c407c2cedff20999df2af8eb42d56 -> 
========================================================================
Received Import Request.
  Time since last request: 65.281373 seconds.
  path: Assets/Scripts/PlayerController.cs
  artifactKey: Guid(a95d179a05ca8564aa9e3af407c6b811) Importer(815301076,1909f56bfc062723c751e8b465ee728b)
Start importing Assets/Scripts/PlayerController.cs using Guid(a95d179a05ca8564aa9e3af407c6b811) Importer(815301076,1909f56bfc062723c751e8b465ee728b)  -> (artifact id: '6010079c0d2fdaf23a45d11725878f3e') in 0.005619 seconds 
  Import took 0.008011 seconds .

========================================================================
Received Prepare
Registering precompiled user dll's ...
Registered in 0.003868 seconds.
Begin MonoManager ReloadAssembly
Native extension for WindowsStandalone target not found
Native extension for WebGL target not found
Refreshing native plugins compatible for Editor in 0.27 ms, found 2 plugins.
Preloading 0 native plugins for Editor in 0.00 ms.
Mono: successfully reloaded assembly
- Completed reload, in  0.829 seconds
Domain Reload Profiling:
	ReloadAssembly (830ms)
		BeginReloadAssembly (97ms)
			ExecutionOrderSort (0ms)
			DisableScriptedObjects (4ms)
			BackupInstance (0ms)
			ReleaseScriptingObjects (0ms)
			CreateAndSetChildDomain (26ms)
		EndReloadAssembly (685ms)
			LoadAssemblies (68ms)
			RebuildTransferFunctionScriptingTraits (0ms)
			SetupTypeCache (229ms)
			ReleaseScriptCaches (1ms)
			RebuildScriptCaches (31ms)
			SetupLoadedEditorAssemblies (280ms)
				LogAssemblyErrors (0ms)
				InitializePlatformSupportModulesInManaged (5ms)
				SetLoadedEditorAssemblies (0ms)
				RefreshPlugins (0ms)
				BeforeProcessingInitializeOnLoad (55ms)
				ProcessInitializeOnLoadAttributes (215ms)
				ProcessInitializeOnLoadMethodAttributes (3ms)
				AfterProcessingInitializeOnLoad (2ms)
				EditorAssembliesLoaded (0ms)
			ExecutionOrderSort2 (0ms)
			AwakeInstancesAfterBackupRestoration (5ms)
Platform modules already initialized, skipping
Refreshing native plugins compatible for Editor in 0.29 ms, found 2 plugins.
Preloading 0 native plugins for Editor in 0.00 ms.
Unloading 1392 Unused Serialized files (Serialized files now loaded: 0)
System memory in use before: 67.8 MB.
System memory in use after: 67.9 MB.

Unloading 13 unused Assets to reduce memory usage. Loaded Objects now: 1852.
Total: 2.315661 ms (FindLiveObjects: 0.111787 ms CreateObjectMapping: 0.032142 ms MarkObjects: 2.156372 ms  DeleteObjects: 0.014507 ms)

AssetImportParameters requested are different than current active one (requested -> active):
  custom:framework-win-MediaFoundation: 216162199b28c13a410421893ffa2e32 -> 
  custom:video-decoder-ogg-theora: a1e56fd34408186e4bbccfd4996cb3dc -> 
  custom:container-muxer-webm: aa71ff27fc2769a1b78a27578f13a17b -> 
  custom:container-demuxer-webm: 4f35f7cbe854078d1ac9338744f61a02 -> 
  custom:container-demuxer-ogg: 62fdf1f143b41e24485cea50d1cbac27 -> 
  custom:video-encoder-webm-vp8: eb34c28f22e8b96e1ab97ce403110664 -> 
  custom:video-decoder-webm-vp8: 9c59270c3fd7afecdb556c50c9e8de78 -> 
  custom:audio-decoder-ogg-vorbis: bf7c407c2cedff20999df2af8eb42d56 -> 
  custom:audio-encoder-webm-vorbis: bf7c407c2cedff20999df2af8eb42d56 -> 
AssetImportWorkerClient::OnTransportError - code=2 error=End of file
